<?xml version="1.0" encoding="UTF-8"?>
<!-- Generated by org.testng.reporters.JUnitReportReporter -->
<testsuite hostname="DESKTOP-QNQ8377" failures="0" tests="1" name="myTestCity.CityCenter" time="5.798" errors="0" timestamp="2022-12-26T00:43:22 GMT+02:00" skipped="0">
  <testcase classname="myTestCity.CityCenter" name="cityCenterCount" time="5.798"/>
  <system-out/>
</testsuite> <!-- myTestCity.CityCenter -->
